Info: Generated by version: 23.4 build 66
Info: Starting: Create block symbol file (.bsf)
Info: qsys-generate /tmp/arc_1559748900/_0/regtest/exampledesigns/quartus_installer_designs/niosv_m/niosv_pio/hw/ip/qsys_top/qsys_top_intel_niosv_m_0.ip --block-symbol-file --output-directory=/tmp/arc_1559748900/_0/regtest/exampledesigns/quartus_installer_designs/niosv_m/niosv_pio/hw/ip/qsys_top/qsys_top_intel_niosv_m_0 --family="Agilex 7" --part=AGFB014R24B2E2V
Info: Finished: Create block symbol file (.bsf)
Info: 
Info: Starting: Create HDL design files for synthesis
Info: qsys-generate /tmp/arc_1559748900/_0/regtest/exampledesigns/quartus_installer_designs/niosv_m/niosv_pio/hw/ip/qsys_top/qsys_top_intel_niosv_m_0.ip --synthesis=VERILOG --output-directory=/tmp/arc_1559748900/_0/regtest/exampledesigns/quartus_installer_designs/niosv_m/niosv_pio/hw/ip/qsys_top/qsys_top_intel_niosv_m_0 --family="Agilex 7" --part=AGFB014R24B2E2V
Info: qsys_top_intel_niosv_m_0: "Transforming system: qsys_top_intel_niosv_m_0"
Info: qsys_top_intel_niosv_m_0: "Naming system components in system: qsys_top_intel_niosv_m_0"
Info: qsys_top_intel_niosv_m_0: "Processing generation queue"
Info: qsys_top_intel_niosv_m_0: "Generating: qsys_top_intel_niosv_m_0"
Info: qsys_top_intel_niosv_m_0: "Generating: qsys_top_intel_niosv_m_0_intel_niosv_m_2310_dxns7li"
Info: qsys_top_intel_niosv_m_0: "Generating: niosv_m_top"
Info: niosv_reset_controller: "Generating: niosv_reset_controller"
Info: qsys_top_intel_niosv_m_0: "Generating: niosv_timer_msip"
Info: qsys_top_intel_niosv_m_0: "Generating: niosv_dm_top"
Info: qsys_top_intel_niosv_m_0: "Generating: qsys_top_intel_niosv_m_0_altera_irq_mapper_2001_3jqx4ly"
Info: qsys_top_intel_niosv_m_0: "Generating: niosv_reset_controller"
Info: qsys_top_intel_niosv_m_0: "Generating: altera_reset_controller"
Info: qsys_top_intel_niosv_m_0: Done "qsys_top_intel_niosv_m_0" with 8 modules, 47 files
Info: Finished: Create HDL design files for synthesis
